<?xml version="1.0" encoding="UTF-8"?>
<testsuite xmlns:xsi="http://www.w3.org/2001/XMLSchema-instance" xsi:noNamespaceSchemaLocation="https://maven.apache.org/surefire/maven-surefire-plugin/xsd/surefire-test-report.xsd" name="TestSuite" time="5.086" tests="2" errors="0" skipped="0" failures="1">
  <properties>
    <property name="sun.desktop" value="windows"/>
    <property name="awt.toolkit" value="sun.awt.windows.WToolkit"/>
    <property name="file.encoding.pkg" value="sun.io"/>
    <property name="java.specification.version" value="1.8"/>
    <property name="sun.cpu.isalist" value="amd64"/>
    <property name="sun.jnu.encoding" value="GBK"/>
    <property name="java.class.path" value="E:\01课程\20180729\03api_testng集成\apitest_tesng\target\test-classes;E:\01课程\20180729\03api_testng集成\apitest_tesng\target\classes;D:\repository\com\github\crab2died\Excel4J\2.1.3\Excel4J-2.1.3.jar;D:\repository\org\apache\poi\poi\3.17\poi-3.17.jar;D:\repository\org\apache\commons\commons-collections4\4.1\commons-collections4-4.1.jar;D:\repository\org\apache\poi\poi-ooxml\3.17\poi-ooxml-3.17.jar;D:\repository\org\apache\poi\poi-ooxml-schemas\3.17\poi-ooxml-schemas-3.17.jar;D:\repository\org\apache\xmlbeans\xmlbeans\2.6.0\xmlbeans-2.6.0.jar;D:\repository\stax\stax-api\1.0.1\stax-api-1.0.1.jar;D:\repository\com\github\virtuald\curvesapi\1.04\curvesapi-1.04.jar;D:\repository\org\apache\httpcomponents\httpclient\4.5.5\httpclient-4.5.5.jar;D:\repository\org\apache\httpcomponents\httpcore\4.4.9\httpcore-4.4.9.jar;D:\repository\commons-logging\commons-logging\1.2\commons-logging-1.2.jar;D:\repository\commons-codec\commons-codec\1.10\commons-codec-1.10.jar;D:\repository\com\jayway\jsonpath\json-path\2.4.0\json-path-2.4.0.jar;D:\repository\net\minidev\json-smart\2.3\json-smart-2.3.jar;D:\repository\net\minidev\accessors-smart\1.2\accessors-smart-1.2.jar;D:\repository\org\ow2\asm\asm\5.0.4\asm-5.0.4.jar;D:\repository\com\alibaba\fastjson\1.2.47\fastjson-1.2.47.jar;D:\repository\com\fasterxml\jackson\core\jackson-databind\2.9.5\jackson-databind-2.9.5.jar;D:\repository\com\fasterxml\jackson\core\jackson-core\2.9.5\jackson-core-2.9.5.jar;D:\repository\com\fasterxml\jackson\core\jackson-annotations\2.9.5\jackson-annotations-2.9.5.jar;D:\repository\com\googlecode\aviator\aviator\3.3.0\aviator-3.3.0.jar;D:\repository\commons-beanutils\commons-beanutils\1.8.3\commons-beanutils-1.8.3.jar;D:\repository\org\slf4j\slf4j-api\1.7.25\slf4j-api-1.7.25.jar;D:\repository\org\slf4j\slf4j-simple\1.7.25\slf4j-simple-1.7.25.jar;D:\repository\org\apache\commons\commons-lang3\3.7\commons-lang3-3.7.jar;D:\repository\org\apache\commons\commons-email\1.5\commons-email-1.5.jar;D:\repository\com\sun\mail\javax.mail\1.5.6\javax.mail-1.5.6.jar;D:\repository\javax\activation\activation\1.1\activation-1.1.jar;D:\repository\commons-configuration\commons-configuration\1.10\commons-configuration-1.10.jar;D:\repository\commons-lang\commons-lang\2.6\commons-lang-2.6.jar;D:\repository\org\testng\testng\6.14.3\testng-6.14.3.jar;D:\repository\com\beust\jcommander\1.72\jcommander-1.72.jar;D:\repository\org\apache-extras\beanshell\bsh\2.0b6\bsh-2.0b6.jar;D:\repository\org\apache\maven\surefire\surefire-testng-utils\2.20.1\surefire-testng-utils-2.20.1.jar;D:\repository\org\apache\maven\surefire\surefire-grouper\2.20.1\surefire-grouper-2.20.1.jar;"/>
    <property name="java.vm.vendor" value="Oracle Corporation"/>
    <property name="sun.arch.data.model" value="64"/>
    <property name="user.variant" value=""/>
    <property name="java.vendor.url" value="http://java.oracle.com/"/>
    <property name="user.timezone" value=""/>
    <property name="java.vm.specification.version" value="1.8"/>
    <property name="os.name" value="Windows 10"/>
    <property name="user.country" value="CN"/>
    <property name="sun.java.launcher" value="SUN_STANDARD"/>
    <property name="sun.boot.library.path" value="C:\Program Files\Java\jdk1.8.0_121\jre\bin"/>
    <property name="sun.java.command" value="C:\Users\wsl\AppData\Local\Temp\surefire54583758991407595\surefirebooter4551075197429218984.jar C:\Users\wsl\AppData\Local\Temp\surefire54583758991407595 2018-08-03T15-17-52_276-jvmRun1 surefire4699300255361655875tmp surefire_05591225068901342869tmp"/>
    <property name="surefire.test.class.path" value="E:\01课程\20180729\03api_testng集成\apitest_tesng\target\test-classes;E:\01课程\20180729\03api_testng集成\apitest_tesng\target\classes;D:\repository\com\github\crab2died\Excel4J\2.1.3\Excel4J-2.1.3.jar;D:\repository\org\apache\poi\poi\3.17\poi-3.17.jar;D:\repository\org\apache\commons\commons-collections4\4.1\commons-collections4-4.1.jar;D:\repository\org\apache\poi\poi-ooxml\3.17\poi-ooxml-3.17.jar;D:\repository\org\apache\poi\poi-ooxml-schemas\3.17\poi-ooxml-schemas-3.17.jar;D:\repository\org\apache\xmlbeans\xmlbeans\2.6.0\xmlbeans-2.6.0.jar;D:\repository\stax\stax-api\1.0.1\stax-api-1.0.1.jar;D:\repository\com\github\virtuald\curvesapi\1.04\curvesapi-1.04.jar;D:\repository\org\apache\httpcomponents\httpclient\4.5.5\httpclient-4.5.5.jar;D:\repository\org\apache\httpcomponents\httpcore\4.4.9\httpcore-4.4.9.jar;D:\repository\commons-logging\commons-logging\1.2\commons-logging-1.2.jar;D:\repository\commons-codec\commons-codec\1.10\commons-codec-1.10.jar;D:\repository\com\jayway\jsonpath\json-path\2.4.0\json-path-2.4.0.jar;D:\repository\net\minidev\json-smart\2.3\json-smart-2.3.jar;D:\repository\net\minidev\accessors-smart\1.2\accessors-smart-1.2.jar;D:\repository\org\ow2\asm\asm\5.0.4\asm-5.0.4.jar;D:\repository\com\alibaba\fastjson\1.2.47\fastjson-1.2.47.jar;D:\repository\com\fasterxml\jackson\core\jackson-databind\2.9.5\jackson-databind-2.9.5.jar;D:\repository\com\fasterxml\jackson\core\jackson-core\2.9.5\jackson-core-2.9.5.jar;D:\repository\com\fasterxml\jackson\core\jackson-annotations\2.9.5\jackson-annotations-2.9.5.jar;D:\repository\com\googlecode\aviator\aviator\3.3.0\aviator-3.3.0.jar;D:\repository\commons-beanutils\commons-beanutils\1.8.3\commons-beanutils-1.8.3.jar;D:\repository\org\slf4j\slf4j-api\1.7.25\slf4j-api-1.7.25.jar;D:\repository\org\slf4j\slf4j-simple\1.7.25\slf4j-simple-1.7.25.jar;D:\repository\org\apache\commons\commons-lang3\3.7\commons-lang3-3.7.jar;D:\repository\org\apache\commons\commons-email\1.5\commons-email-1.5.jar;D:\repository\com\sun\mail\javax.mail\1.5.6\javax.mail-1.5.6.jar;D:\repository\javax\activation\activation\1.1\activation-1.1.jar;D:\repository\commons-configuration\commons-configuration\1.10\commons-configuration-1.10.jar;D:\repository\commons-lang\commons-lang\2.6\commons-lang-2.6.jar;D:\repository\org\testng\testng\6.14.3\testng-6.14.3.jar;D:\repository\com\beust\jcommander\1.72\jcommander-1.72.jar;D:\repository\org\apache-extras\beanshell\bsh\2.0b6\bsh-2.0b6.jar;D:\repository\org\apache\maven\surefire\surefire-testng-utils\2.20.1\surefire-testng-utils-2.20.1.jar;D:\repository\org\apache\maven\surefire\surefire-grouper\2.20.1\surefire-grouper-2.20.1.jar;"/>
    <property name="sun.cpu.endian" value="little"/>
    <property name="user.home" value="C:\Users\wsl"/>
    <property name="user.language" value="zh"/>
    <property name="java.specification.vendor" value="Oracle Corporation"/>
    <property name="java.home" value="C:\Program Files\Java\jdk1.8.0_121\jre"/>
    <property name="basedir" value="E:\01课程\20180729\03api_testng集成\apitest_tesng"/>
    <property name="file.separator" value="\"/>
    <property name="line.separator" value="&#10;"/>
    <property name="java.vm.specification.vendor" value="Oracle Corporation"/>
    <property name="java.specification.name" value="Java Platform API Specification"/>
    <property name="java.awt.graphicsenv" value="sun.awt.Win32GraphicsEnvironment"/>
    <property name="surefire.real.class.path" value="C:\Users\wsl\AppData\Local\Temp\surefire54583758991407595\surefirebooter4551075197429218984.jar"/>
    <property name="sun.boot.class.path" value="C:\Program Files\Java\jdk1.8.0_121\jre\lib\resources.jar;C:\Program Files\Java\jdk1.8.0_121\jre\lib\rt.jar;C:\Program Files\Java\jdk1.8.0_121\jre\lib\sunrsasign.jar;C:\Program Files\Java\jdk1.8.0_121\jre\lib\jsse.jar;C:\Program Files\Java\jdk1.8.0_121\jre\lib\jce.jar;C:\Program Files\Java\jdk1.8.0_121\jre\lib\charsets.jar;C:\Program Files\Java\jdk1.8.0_121\jre\lib\jfr.jar;C:\Program Files\Java\jdk1.8.0_121\jre\classes"/>
    <property name="user.script" value=""/>
    <property name="sun.management.compiler" value="HotSpot 64-Bit Tiered Compilers"/>
    <property name="java.runtime.version" value="1.8.0_121-b13"/>
    <property name="user.name" value="wsl"/>
    <property name="path.separator" value=";"/>
    <property name="os.version" value="10.0"/>
    <property name="java.endorsed.dirs" value="C:\Program Files\Java\jdk1.8.0_121\jre\lib\endorsed"/>
    <property name="java.runtime.name" value="Java(TM) SE Runtime Environment"/>
    <property name="file.encoding" value="GBK"/>
    <property name="java.vm.name" value="Java HotSpot(TM) 64-Bit Server VM"/>
    <property name="localRepository" value="D:\repository"/>
    <property name="java.vendor.url.bug" value="http://bugreport.sun.com/bugreport/"/>
    <property name="java.io.tmpdir" value="C:\Users\wsl\AppData\Local\Temp\"/>
    <property name="java.version" value="1.8.0_121"/>
    <property name="user.dir" value="E:\01课程\20180729\03api_testng集成\apitest_tesng"/>
    <property name="os.arch" value="amd64"/>
    <property name="java.vm.specification.name" value="Java Virtual Machine Specification"/>
    <property name="java.awt.printerjob" value="sun.awt.windows.WPrinterJob"/>
    <property name="sun.os.patch.level" value=""/>
    <property name="java.library.path" value="C:\Program Files\Java\jdk1.8.0_121\jre\bin;C:\Windows\Sun\Java\bin;C:\Windows\system32;C:\Windows;C:/Program Files/Java/jdk1.8.0_121/bin/../jre/bin/server;C:/Program Files/Java/jdk1.8.0_121/bin/../jre/bin;C:/Program Files/Java/jdk1.8.0_121/bin/../jre/lib/amd64;C:\ProgramData\Anaconda3;C:\ProgramData\Anaconda3\Library\mingw-w64\bin;C:\ProgramData\Anaconda3\Library\usr\bin;C:\ProgramData\Anaconda3\Library\bin;C:\ProgramData\Anaconda3\Scripts;C:\Program Files\Java\jdk1.8.0_121\bin;C:\ProgramData\Oracle\Java\javapath;C:\Windows\system32;C:\Windows;C:\Windows\System32\Wbem;C:\Windows\System32\WindowsPowerShell\v1.0\;C:\Program Files\WIDCOMM\Bluetooth Software\;C:\Program Files\WIDCOMM\Bluetooth Software\syswow64;D:\tools\apache-maven-3.5.2\bin;D:\tools\apache-ant-1.10.3\bin;C:\Program Files\TortoiseSVN\bin;E:\01课程\apache-jmeter-4.0\bin;C:\Users\wsl\AppData\Local\Programs\Fiddler;D:\spring_tools\sts-bundle\sts-3.9.3.RELEASE;;."/>
    <property name="java.vm.info" value="mixed mode"/>
    <property name="java.vendor" value="Oracle Corporation"/>
    <property name="java.vm.version" value="25.121-b13"/>
    <property name="java.ext.dirs" value="C:\Program Files\Java\jdk1.8.0_121\jre\lib\ext;C:\Windows\Sun\Java\lib\ext"/>
    <property name="sun.io.unicode.encoding" value="UnicodeLittle"/>
    <property name="java.class.version" value="52.0"/>
  </properties>
  <testcase name="parameterIntTest" classname="testng.ApiTestTestNg" time="1.961"/>
  <testcase name="parameterIntTest" classname="testng.ApiTestTestNg" time="1.976">
    <failure message="Lists differ at element [0]: true != false expected [true] but found [false]" type="java.lang.AssertionError">java.lang.AssertionError: Lists differ at element [0]: true != false expected [true] but found [false]
	at testng.ApiTestTestNg.parameterIntTest(ApiTestTestNg.java:86)
</failure>
  </testcase>
</testsuite>